{"/Users/shritimac/Desktop/starwars/starwars/src/App.tsx": {"path":"/Users/shritimac/Desktop/starwars/starwars/src/App.tsx","statementMap":{"0":{"start":{"line":14,"column":18},"end":{"line":43,"column":2}},"1":{"start":{"line":45,"column":3},"end":{"line":55,"column":36}}},"fnMap":{"0":{"name":"App","decl":{"start":{"line":11,"column":9},"end":{"line":11,"column":12}},"loc":{"start":{"line":11,"column":15},"end":{"line":56,"column":1}},"line":11}},"branchMap":{},"s":{"0":0,"1":0},"f":{"0":0},"b":{}}
,"/Users/shritimac/Desktop/starwars/starwars/src/index.tsx": {"path":"/Users/shritimac/Desktop/starwars/starwars/src/index.tsx","statementMap":{"0":{"start":{"line":5,"column":14},"end":{"line":5,"column":67}},"1":{"start":{"line":6,"column":1},"end":{"line":10,"column":3}}},"fnMap":{},"branchMap":{},"s":{"0":0,"1":0},"f":{},"b":{}}
,"/Users/shritimac/Desktop/starwars/starwars/src/server.js": {"path":"/Users/shritimac/Desktop/starwars/starwars/src/server.js","statementMap":{"0":{"start":{"line":1,"column":24},"end":{"line":1,"column":42}},"1":{"start":{"line":2,"column":21},"end":{"line":2,"column":36}},"2":{"start":{"line":3,"column":20},"end":{"line":3,"column":29}},"3":{"start":{"line":5,"column":8},"end":{"line":5,"column":63}},"4":{"start":{"line":7,"column":8},"end":{"line":9,"column":11}},"5":{"start":{"line":8,"column":10},"end":{"line":8,"column":76}},"6":{"start":{"line":11,"column":8},"end":{"line":13,"column":11}},"7":{"start":{"line":12,"column":10},"end":{"line":12,"column":56}}},"fnMap":{"0":{"name":"(anonymous_0)","decl":{"start":{"line":7,"column":22},"end":{"line":7,"column":23}},"loc":{"start":{"line":7,"column":36},"end":{"line":9,"column":9}},"line":7},"1":{"name":"(anonymous_1)","decl":{"start":{"line":11,"column":25},"end":{"line":11,"column":26}},"loc":{"start":{"line":11,"column":31},"end":{"line":13,"column":9}},"line":11}},"branchMap":{},"s":{"0":0,"1":0,"2":0,"3":0,"4":0,"5":0,"6":0,"7":0},"f":{"0":0,"1":0},"b":{}}
,"/Users/shritimac/Desktop/starwars/starwars/src/style.tsx": {"path":"/Users/shritimac/Desktop/starwars/starwars/src/style.tsx","statementMap":{"0":{"start":{"line":6,"column":22},"end":{"line":20,"column":3}},"1":{"start":{"line":6,"column":52},"end":{"line":20,"column":1}},"2":{"start":{"line":23,"column":33},"end":{"line":31,"column":3}},"3":{"start":{"line":23,"column":63},"end":{"line":31,"column":1}},"4":{"start":{"line":33,"column":31},"end":{"line":48,"column":3}},"5":{"start":{"line":33,"column":65},"end":{"line":48,"column":1}},"6":{"start":{"line":50,"column":23},"end":{"line":54,"column":1}}},"fnMap":{"0":{"name":"(anonymous_0)","decl":{"start":{"line":6,"column":36},"end":{"line":6,"column":37}},"loc":{"start":{"line":6,"column":52},"end":{"line":20,"column":1}},"line":6},"1":{"name":"(anonymous_1)","decl":{"start":{"line":23,"column":47},"end":{"line":23,"column":48}},"loc":{"start":{"line":23,"column":63},"end":{"line":31,"column":1}},"line":23},"2":{"name":"(anonymous_2)","decl":{"start":{"line":33,"column":49},"end":{"line":33,"column":50}},"loc":{"start":{"line":33,"column":65},"end":{"line":48,"column":1}},"line":33}},"branchMap":{},"s":{"0":0,"1":0,"2":0,"3":0,"4":0,"5":0,"6":0},"f":{"0":0,"1":0,"2":0},"b":{}}
,"/Users/shritimac/Desktop/starwars/starwars/src/components/CharacterPage.tsx": {"path":"/Users/shritimac/Desktop/starwars/starwars/src/components/CharacterPage.tsx","statementMap":{"0":{"start":{"line":15,"column":22},"end":{"line":72,"column":1}},"1":{"start":{"line":16,"column":17},"end":{"line":16,"column":52}},"2":{"start":{"line":17,"column":49},"end":{"line":17,"column":99}},"3":{"start":{"line":18,"column":19},"end":{"line":18,"column":32}},"4":{"start":{"line":20,"column":31},"end":{"line":39,"column":3}},"5":{"start":{"line":21,"column":2},"end":{"line":38,"column":4}},"6":{"start":{"line":22,"column":4},"end":{"line":24,"column":5}},"7":{"start":{"line":23,"column":6},"end":{"line":23,"column":39}},"8":{"start":{"line":25,"column":21},"end":{"line":25,"column":51}},"9":{"start":{"line":26,"column":23},"end":{"line":26,"column":31}},"10":{"start":{"line":28,"column":4},"end":{"line":34,"column":5}},"11":{"start":{"line":29,"column":24},"end":{"line":29,"column":42}},"12":{"start":{"line":30,"column":6},"end":{"line":30,"column":34}},"13":{"start":{"line":31,"column":6},"end":{"line":33,"column":7}},"14":{"start":{"line":32,"column":8},"end":{"line":32,"column":37}},"15":{"start":{"line":35,"column":4},"end":{"line":35,"column":88}},"16":{"start":{"line":37,"column":4},"end":{"line":37,"column":62}},"17":{"start":{"line":41,"column":1},"end":{"line":43,"column":11}},"18":{"start":{"line":42,"column":2},"end":{"line":42,"column":26}},"19":{"start":{"line":46,"column":1},"end":{"line":48,"column":2}},"20":{"start":{"line":47,"column":2},"end":{"line":47,"column":31}},"21":{"start":{"line":50,"column":27},"end":{"line":53,"column":5}},"22":{"start":{"line":51,"column":6},"end":{"line":51,"column":40}},"23":{"start":{"line":52,"column":6},"end":{"line":52,"column":37}},"24":{"start":{"line":55,"column":2},"end":{"line":71,"column":3}},"25":{"start":{"line":59,"column":111},"end":{"line":59,"column":143}}},"fnMap":{"0":{"name":"(anonymous_0)","decl":{"start":{"line":15,"column":22},"end":{"line":15,"column":23}},"loc":{"start":{"line":15,"column":28},"end":{"line":72,"column":1}},"line":15},"1":{"name":"(anonymous_1)","decl":{"start":{"line":20,"column":31},"end":{"line":20,"column":32}},"loc":{"start":{"line":20,"column":43},"end":{"line":39,"column":3}},"line":20},"2":{"name":"(anonymous_2)","decl":{"start":{"line":41,"column":11},"end":{"line":41,"column":12}},"loc":{"start":{"line":41,"column":17},"end":{"line":43,"column":2}},"line":41},"3":{"name":"(anonymous_3)","decl":{"start":{"line":50,"column":27},"end":{"line":50,"column":28}},"loc":{"start":{"line":50,"column":71},"end":{"line":53,"column":5}},"line":50},"4":{"name":"(anonymous_4)","decl":{"start":{"line":59,"column":105},"end":{"line":59,"column":106}},"loc":{"start":{"line":59,"column":111},"end":{"line":59,"column":143}},"line":59}},"branchMap":{"0":{"loc":{"start":{"line":16,"column":17},"end":{"line":16,"column":52}},"type":"binary-expr","locations":[{"start":{"line":16,"column":17},"end":{"line":16,"column":45}},{"start":{"line":16,"column":49},"end":{"line":16,"column":52}}],"line":16},"1":{"loc":{"start":{"line":22,"column":4},"end":{"line":24,"column":5}},"type":"if","locations":[{"start":{"line":22,"column":4},"end":{"line":24,"column":5}},{"start":{},"end":{}}],"line":22},"2":{"loc":{"start":{"line":28,"column":4},"end":{"line":34,"column":5}},"type":"if","locations":[{"start":{"line":28,"column":4},"end":{"line":34,"column":5}},{"start":{},"end":{}}],"line":28},"3":{"loc":{"start":{"line":31,"column":6},"end":{"line":33,"column":7}},"type":"if","locations":[{"start":{"line":31,"column":6},"end":{"line":33,"column":7}},{"start":{},"end":{}}],"line":31},"4":{"loc":{"start":{"line":46,"column":1},"end":{"line":48,"column":2}},"type":"if","locations":[{"start":{"line":46,"column":1},"end":{"line":48,"column":2}},{"start":{},"end":{}}],"line":46},"5":{"loc":{"start":{"line":65,"column":8},"end":{"line":68,"column":10}},"type":"binary-expr","locations":[{"start":{"line":65,"column":8},"end":{"line":65,"column":33}},{"start":{"line":65,"column":37},"end":{"line":68,"column":10}}],"line":65}},"s":{"0":0,"1":0,"2":0,"3":0,"4":0,"5":0,"6":0,"7":0,"8":0,"9":0,"10":0,"11":0,"12":0,"13":0,"14":0,"15":0,"16":0,"17":0,"18":0,"19":0,"20":0,"21":0,"22":0,"23":0,"24":0,"25":0},"f":{"0":0,"1":0,"2":0,"3":0,"4":0},"b":{"0":[0,0],"1":[0,0],"2":[0,0],"3":[0,0],"4":[0,0],"5":[0,0]}}
,"/Users/shritimac/Desktop/starwars/starwars/src/components/Characters.tsx": {"path":"/Users/shritimac/Desktop/starwars/starwars/src/components/Characters.tsx","statementMap":{"0":{"start":{"line":9,"column":29},"end":{"line":16,"column":1}},"1":{"start":{"line":10,"column":2},"end":{"line":15,"column":15}},"2":{"start":{"line":18,"column":35},"end":{"line":26,"column":4}},"3":{"start":{"line":28,"column":33},"end":{"line":115,"column":1}},"4":{"start":{"line":29,"column":36},"end":{"line":29,"column":72}},"5":{"start":{"line":30,"column":30},"end":{"line":30,"column":50}},"6":{"start":{"line":31,"column":26},"end":{"line":31,"column":61}},"7":{"start":{"line":32,"column":24},"end":{"line":32,"column":41}},"8":{"start":{"line":33,"column":42},"end":{"line":33,"column":86}},"9":{"start":{"line":34,"column":12},"end":{"line":34,"column":27}},"10":{"start":{"line":36,"column":24},"end":{"line":56,"column":1}},"11":{"start":{"line":37,"column":2},"end":{"line":37,"column":19}},"12":{"start":{"line":38,"column":2},"end":{"line":54,"column":4}},"13":{"start":{"line":39,"column":36},"end":{"line":39,"column":64}},"14":{"start":{"line":46,"column":4},"end":{"line":46,"column":32}},"15":{"start":{"line":47,"column":4},"end":{"line":47,"column":30}},"16":{"start":{"line":49,"column":4},"end":{"line":53,"column":5}},"17":{"start":{"line":50,"column":6},"end":{"line":50,"column":31}},"18":{"start":{"line":52,"column":6},"end":{"line":52,"column":44}},"19":{"start":{"line":55,"column":4},"end":{"line":55,"column":22}},"20":{"start":{"line":58,"column":27},"end":{"line":61,"column":3}},"21":{"start":{"line":59,"column":4},"end":{"line":59,"column":24}},"22":{"start":{"line":60,"column":4},"end":{"line":60,"column":20}},"23":{"start":{"line":63,"column":2},"end":{"line":65,"column":9}},"24":{"start":{"line":64,"column":6},"end":{"line":64,"column":24}},"25":{"start":{"line":67,"column":2},"end":{"line":69,"column":13}},"26":{"start":{"line":68,"column":6},"end":{"line":68,"column":24}},"27":{"start":{"line":72,"column":23},"end":{"line":86,"column":3}},"28":{"start":{"line":73,"column":4},"end":{"line":73,"column":21}},"29":{"start":{"line":74,"column":31},"end":{"line":74,"column":69}},"30":{"start":{"line":75,"column":4},"end":{"line":80,"column":5}},"31":{"start":{"line":76,"column":8},"end":{"line":76,"column":40}},"32":{"start":{"line":77,"column":8},"end":{"line":77,"column":26}},"33":{"start":{"line":78,"column":6},"end":{"line":78,"column":13}},"34":{"start":{"line":81,"column":4},"end":{"line":81,"column":36}},"35":{"start":{"line":82,"column":4},"end":{"line":82,"column":46}},"36":{"start":{"line":83,"column":4},"end":{"line":83,"column":22}},"37":{"start":{"line":85,"column":4},"end":{"line":85,"column":22}},"38":{"start":{"line":88,"column":16},"end":{"line":88,"column":36}},"39":{"start":{"line":89,"column":2},"end":{"line":106,"column":3}},"40":{"start":{"line":90,"column":4},"end":{"line":90,"column":35}},"41":{"start":{"line":91,"column":9},"end":{"line":106,"column":3}},"42":{"start":{"line":92,"column":4},"end":{"line":92,"column":72}},"43":{"start":{"line":94,"column":4},"end":{"line":105,"column":8}},"44":{"start":{"line":97,"column":10},"end":{"line":97,"column":143}},"45":{"start":{"line":99,"column":10},"end":{"line":99,"column":119}},"46":{"start":{"line":103,"column":79},"end":{"line":103,"column":106}},"47":{"start":{"line":108,"column":2},"end":{"line":114,"column":30}}},"fnMap":{"0":{"name":"(anonymous_0)","decl":{"start":{"line":9,"column":29},"end":{"line":9,"column":30}},"loc":{"start":{"line":9,"column":63},"end":{"line":16,"column":1}},"line":9},"1":{"name":"(anonymous_1)","decl":{"start":{"line":28,"column":33},"end":{"line":28,"column":34}},"loc":{"start":{"line":28,"column":39},"end":{"line":115,"column":1}},"line":28},"2":{"name":"(anonymous_2)","decl":{"start":{"line":36,"column":24},"end":{"line":36,"column":25}},"loc":{"start":{"line":36,"column":36},"end":{"line":56,"column":1}},"line":36},"3":{"name":"(anonymous_3)","decl":{"start":{"line":58,"column":27},"end":{"line":58,"column":28}},"loc":{"start":{"line":58,"column":55},"end":{"line":61,"column":3}},"line":58},"4":{"name":"(anonymous_4)","decl":{"start":{"line":63,"column":18},"end":{"line":63,"column":19}},"loc":{"start":{"line":63,"column":24},"end":{"line":65,"column":3}},"line":63},"5":{"name":"(anonymous_5)","decl":{"start":{"line":67,"column":18},"end":{"line":67,"column":19}},"loc":{"start":{"line":67,"column":24},"end":{"line":69,"column":3}},"line":67},"6":{"name":"(anonymous_6)","decl":{"start":{"line":72,"column":23},"end":{"line":72,"column":24}},"loc":{"start":{"line":72,"column":50},"end":{"line":86,"column":3}},"line":72},"7":{"name":"(anonymous_7)","decl":{"start":{"line":96,"column":55},"end":{"line":96,"column":56}},"loc":{"start":{"line":97,"column":10},"end":{"line":97,"column":143}},"line":97},"8":{"name":"(anonymous_8)","decl":{"start":{"line":98,"column":55},"end":{"line":98,"column":56}},"loc":{"start":{"line":99,"column":10},"end":{"line":99,"column":119}},"line":99},"9":{"name":"(anonymous_9)","decl":{"start":{"line":103,"column":62},"end":{"line":103,"column":63}},"loc":{"start":{"line":103,"column":77},"end":{"line":103,"column":108}},"line":103}},"branchMap":{"0":{"loc":{"start":{"line":49,"column":4},"end":{"line":53,"column":5}},"type":"if","locations":[{"start":{"line":49,"column":4},"end":{"line":53,"column":5}},{"start":{"line":51,"column":11},"end":{"line":53,"column":5}}],"line":49},"1":{"loc":{"start":{"line":75,"column":4},"end":{"line":80,"column":5}},"type":"if","locations":[{"start":{"line":75,"column":4},"end":{"line":80,"column":5}},{"start":{},"end":{}}],"line":75},"2":{"loc":{"start":{"line":89,"column":2},"end":{"line":106,"column":3}},"type":"if","locations":[{"start":{"line":89,"column":2},"end":{"line":106,"column":3}},{"start":{"line":91,"column":9},"end":{"line":106,"column":3}}],"line":89},"3":{"loc":{"start":{"line":91,"column":9},"end":{"line":106,"column":3}},"type":"if","locations":[{"start":{"line":91,"column":9},"end":{"line":106,"column":3}},{"start":{"line":93,"column":9},"end":{"line":106,"column":3}}],"line":91},"4":{"loc":{"start":{"line":96,"column":9},"end":{"line":100,"column":10}},"type":"cond-expr","locations":[{"start":{"line":96,"column":37},"end":{"line":98,"column":10}},{"start":{"line":98,"column":13},"end":{"line":100,"column":10}}],"line":96},"5":{"loc":{"start":{"line":98,"column":13},"end":{"line":100,"column":10}},"type":"binary-expr","locations":[{"start":{"line":98,"column":13},"end":{"line":98,"column":35}},{"start":{"line":98,"column":39},"end":{"line":100,"column":10}}],"line":98}},"s":{"0":0,"1":0,"2":0,"3":0,"4":0,"5":0,"6":0,"7":0,"8":0,"9":0,"10":0,"11":0,"12":0,"13":0,"14":0,"15":0,"16":0,"17":0,"18":0,"19":0,"20":0,"21":0,"22":0,"23":0,"24":0,"25":0,"26":0,"27":0,"28":0,"29":0,"30":0,"31":0,"32":0,"33":0,"34":0,"35":0,"36":0,"37":0,"38":0,"39":0,"40":0,"41":0,"42":0,"43":0,"44":0,"45":0,"46":0,"47":0},"f":{"0":0,"1":0,"2":0,"3":0,"4":0,"5":0,"6":0,"7":0,"8":0,"9":0},"b":{"0":[0,0],"1":[0,0],"2":[0,0],"3":[0,0],"4":[0,0],"5":[0,0]}}
,"/Users/shritimac/Desktop/starwars/starwars/src/components/Content.tsx": {"path":"/Users/shritimac/Desktop/starwars/starwars/src/components/Content.tsx","statementMap":{"0":{"start":{"line":4,"column":16},"end":{"line":12,"column":1}},"1":{"start":{"line":5,"column":2},"end":{"line":11,"column":3}}},"fnMap":{"0":{"name":"(anonymous_0)","decl":{"start":{"line":4,"column":16},"end":{"line":4,"column":17}},"loc":{"start":{"line":4,"column":22},"end":{"line":12,"column":1}},"line":4}},"branchMap":{},"s":{"0":0,"1":0},"f":{"0":0},"b":{}}
,"/Users/shritimac/Desktop/starwars/starwars/src/components/Favourites.tsx": {"path":"/Users/shritimac/Desktop/starwars/starwars/src/components/Favourites.tsx","statementMap":{"0":{"start":{"line":13,"column":46},"end":{"line":39,"column":1}},"1":{"start":{"line":14,"column":19},"end":{"line":14,"column":74}},"2":{"start":{"line":14,"column":47},"end":{"line":14,"column":73}},"3":{"start":{"line":15,"column":17},"end":{"line":15,"column":30}},"4":{"start":{"line":17,"column":27},"end":{"line":19,"column":2}},"5":{"start":{"line":18,"column":2},"end":{"line":18,"column":26}},"6":{"start":{"line":21,"column":1},"end":{"line":38,"column":4}},"7":{"start":{"line":23,"column":100},"end":{"line":23,"column":112}},"8":{"start":{"line":26,"column":51},"end":{"line":35,"column":13}},"9":{"start":{"line":30,"column":43},"end":{"line":30,"column":66}}},"fnMap":{"0":{"name":"(anonymous_0)","decl":{"start":{"line":13,"column":46},"end":{"line":13,"column":47}},"loc":{"start":{"line":13,"column":61},"end":{"line":39,"column":1}},"line":13},"1":{"name":"(anonymous_1)","decl":{"start":{"line":14,"column":31},"end":{"line":14,"column":32}},"loc":{"start":{"line":14,"column":47},"end":{"line":14,"column":73}},"line":14},"2":{"name":"(anonymous_2)","decl":{"start":{"line":17,"column":27},"end":{"line":17,"column":28}},"loc":{"start":{"line":17,"column":53},"end":{"line":19,"column":2}},"line":17},"3":{"name":"(anonymous_3)","decl":{"start":{"line":23,"column":89},"end":{"line":23,"column":90}},"loc":{"start":{"line":23,"column":100},"end":{"line":23,"column":112}},"line":23},"4":{"name":"(anonymous_4)","decl":{"start":{"line":26,"column":24},"end":{"line":26,"column":25}},"loc":{"start":{"line":26,"column":51},"end":{"line":35,"column":13}},"line":26},"5":{"name":"(anonymous_5)","decl":{"start":{"line":30,"column":37},"end":{"line":30,"column":38}},"loc":{"start":{"line":30,"column":43},"end":{"line":30,"column":66}},"line":30}},"branchMap":{"0":{"loc":{"start":{"line":24,"column":7},"end":{"line":36,"column":10}},"type":"cond-expr","locations":[{"start":{"line":25,"column":12},"end":{"line":25,"column":90}},{"start":{"line":26,"column":8},"end":{"line":36,"column":10}}],"line":24},"1":{"loc":{"start":{"line":24,"column":8},"end":{"line":24,"column":46}},"type":"binary-expr","locations":[{"start":{"line":24,"column":8},"end":{"line":24,"column":19}},{"start":{"line":24,"column":23},"end":{"line":24,"column":46}}],"line":24}},"s":{"0":1,"1":1,"2":0,"3":1,"4":1,"5":0,"6":1,"7":1,"8":0,"9":0},"f":{"0":1,"1":0,"2":0,"3":1,"4":0,"5":0},"b":{"0":[1,0],"1":[1,0]},"_coverageSchema":"1a1c01bbd47fc00a2c39e90264f33305004495a9","hash":"61de42ef0cfee52a9c0107611d96504d41eda68b"}
,"/Users/shritimac/Desktop/starwars/starwars/src/components/Header.tsx": {"path":"/Users/shritimac/Desktop/starwars/starwars/src/components/Header.tsx","statementMap":{"0":{"start":{"line":10,"column":15},"end":{"line":55,"column":1}},"1":{"start":{"line":11,"column":45},"end":{"line":11,"column":60}},"2":{"start":{"line":12,"column":20},"end":{"line":12,"column":77}},"3":{"start":{"line":12,"column":48},"end":{"line":12,"column":76}},"4":{"start":{"line":13,"column":25},"end":{"line":13,"column":47}},"5":{"start":{"line":14,"column":19},"end":{"line":14,"column":32}},"6":{"start":{"line":16,"column":25},"end":{"line":18,"column":3}},"7":{"start":{"line":17,"column":4},"end":{"line":17,"column":23}},"8":{"start":{"line":19,"column":22},"end":{"line":23,"column":1}},"9":{"start":{"line":20,"column":4},"end":{"line":20,"column":29}},"10":{"start":{"line":21,"column":4},"end":{"line":21,"column":28}},"11":{"start":{"line":22,"column":2},"end":{"line":22,"column":27}},"12":{"start":{"line":24,"column":2},"end":{"line":54,"column":3}},"13":{"start":{"line":42,"column":33},"end":{"line":42,"column":52}},"14":{"start":{"line":47,"column":65},"end":{"line":47,"column":88}}},"fnMap":{"0":{"name":"(anonymous_0)","decl":{"start":{"line":10,"column":15},"end":{"line":10,"column":16}},"loc":{"start":{"line":10,"column":21},"end":{"line":55,"column":1}},"line":10},"1":{"name":"(anonymous_1)","decl":{"start":{"line":12,"column":32},"end":{"line":12,"column":33}},"loc":{"start":{"line":12,"column":48},"end":{"line":12,"column":76}},"line":12},"2":{"name":"(anonymous_2)","decl":{"start":{"line":16,"column":25},"end":{"line":16,"column":26}},"loc":{"start":{"line":16,"column":46},"end":{"line":18,"column":3}},"line":16},"3":{"name":"(anonymous_3)","decl":{"start":{"line":19,"column":22},"end":{"line":19,"column":23}},"loc":{"start":{"line":19,"column":39},"end":{"line":23,"column":1}},"line":19},"4":{"name":"(anonymous_4)","decl":{"start":{"line":42,"column":27},"end":{"line":42,"column":28}},"loc":{"start":{"line":42,"column":33},"end":{"line":42,"column":52}},"line":42},"5":{"name":"(anonymous_5)","decl":{"start":{"line":47,"column":60},"end":{"line":47,"column":61}},"loc":{"start":{"line":47,"column":65},"end":{"line":47,"column":88}},"line":47}},"branchMap":{"0":{"loc":{"start":{"line":13,"column":25},"end":{"line":13,"column":47}},"type":"binary-expr","locations":[{"start":{"line":13,"column":25},"end":{"line":13,"column":42}},{"start":{"line":13,"column":46},"end":{"line":13,"column":47}}],"line":13},"1":{"loc":{"start":{"line":51,"column":13},"end":{"line":51,"column":67}},"type":"binary-expr","locations":[{"start":{"line":51,"column":13},"end":{"line":51,"column":27}},{"start":{"line":51,"column":32},"end":{"line":51,"column":66}}],"line":51}},"s":{"0":1,"1":5,"2":5,"3":0,"4":5,"5":5,"6":5,"7":1,"8":5,"9":1,"10":1,"11":1,"12":5,"13":1,"14":1},"f":{"0":5,"1":0,"2":1,"3":1,"4":1,"5":1},"b":{"0":[5,5],"1":[5,1]},"_coverageSchema":"1a1c01bbd47fc00a2c39e90264f33305004495a9","hash":"188eb5cb897f933b9be662f4a20ef94d74199360"}
,"/Users/shritimac/Desktop/starwars/starwars/src/components/HomeWorldPge.tsx": {"path":"/Users/shritimac/Desktop/starwars/starwars/src/components/HomeWorldPge.tsx","statementMap":{"0":{"start":{"line":9,"column":48},"end":{"line":9,"column":87}},"1":{"start":{"line":11,"column":1},"end":{"line":27,"column":29}},"2":{"start":{"line":12,"column":18},"end":{"line":12,"column":23}},"3":{"start":{"line":14,"column":2},"end":{"line":21,"column":3}},"4":{"start":{"line":15,"column":21},"end":{"line":19,"column":4}},"5":{"start":{"line":16,"column":17},"end":{"line":16,"column":73}},"6":{"start":{"line":17,"column":4},"end":{"line":17,"column":63}},"7":{"start":{"line":17,"column":40},"end":{"line":17,"column":60}},"8":{"start":{"line":18,"column":4},"end":{"line":18,"column":42}},"9":{"start":{"line":20,"column":2},"end":{"line":20,"column":14}},"10":{"start":{"line":23,"column":2},"end":{"line":26,"column":3}},"11":{"start":{"line":24,"column":3},"end":{"line":24,"column":20}},"12":{"start":{"line":25,"column":4},"end":{"line":25,"column":30}},"13":{"start":{"line":30,"column":1},"end":{"line":30,"column":86}}},"fnMap":{"0":{"name":"HomeWorldPage","decl":{"start":{"line":8,"column":24},"end":{"line":8,"column":37}},"loc":{"start":{"line":8,"column":65},"end":{"line":31,"column":1}},"line":8},"1":{"name":"(anonymous_1)","decl":{"start":{"line":11,"column":11},"end":{"line":11,"column":12}},"loc":{"start":{"line":11,"column":17},"end":{"line":27,"column":2}},"line":11},"2":{"name":"(anonymous_2)","decl":{"start":{"line":15,"column":21},"end":{"line":15,"column":22}},"loc":{"start":{"line":15,"column":33},"end":{"line":19,"column":4}},"line":15},"3":{"name":"(anonymous_3)","decl":{"start":{"line":17,"column":24},"end":{"line":17,"column":25}},"loc":{"start":{"line":17,"column":40},"end":{"line":17,"column":60}},"line":17},"4":{"name":"(anonymous_4)","decl":{"start":{"line":23,"column":9},"end":{"line":23,"column":10}},"loc":{"start":{"line":23,"column":15},"end":{"line":26,"column":3}},"line":23}},"branchMap":{"0":{"loc":{"start":{"line":14,"column":2},"end":{"line":21,"column":3}},"type":"if","locations":[{"start":{"line":14,"column":2},"end":{"line":21,"column":3}},{"start":{},"end":{}}],"line":14}},"s":{"0":0,"1":0,"2":0,"3":0,"4":0,"5":0,"6":0,"7":0,"8":0,"9":0,"10":0,"11":0,"12":0,"13":0},"f":{"0":0,"1":0,"2":0,"3":0,"4":0},"b":{"0":[0,0]}}
,"/Users/shritimac/Desktop/starwars/starwars/src/components/SearchInput.tsx": {"path":"/Users/shritimac/Desktop/starwars/starwars/src/components/SearchInput.tsx","statementMap":{"0":{"start":{"line":11,"column":20},"end":{"line":55,"column":1}},"1":{"start":{"line":12,"column":38},"end":{"line":12,"column":56}},"2":{"start":{"line":13,"column":39},"end":{"line":13,"column":54}},"3":{"start":{"line":15,"column":23},"end":{"line":17,"column":3}},"4":{"start":{"line":16,"column":4},"end":{"line":16,"column":34}},"5":{"start":{"line":19,"column":25},"end":{"line":25,"column":3}},"6":{"start":{"line":20,"column":4},"end":{"line":24,"column":5}},"7":{"start":{"line":21,"column":6},"end":{"line":23,"column":9}},"8":{"start":{"line":22,"column":8},"end":{"line":22,"column":29}},"9":{"start":{"line":27,"column":2},"end":{"line":54,"column":4}},"10":{"start":{"line":32,"column":41},"end":{"line":32,"column":61}},"11":{"start":{"line":46,"column":10},"end":{"line":48,"column":13}},"12":{"start":{"line":47,"column":12},"end":{"line":47,"column":22}}},"fnMap":{"0":{"name":"(anonymous_0)","decl":{"start":{"line":11,"column":20},"end":{"line":11,"column":21}},"loc":{"start":{"line":11,"column":64},"end":{"line":55,"column":1}},"line":11},"1":{"name":"(anonymous_1)","decl":{"start":{"line":15,"column":23},"end":{"line":15,"column":24}},"loc":{"start":{"line":15,"column":67},"end":{"line":17,"column":3}},"line":15},"2":{"name":"(anonymous_2)","decl":{"start":{"line":19,"column":25},"end":{"line":19,"column":26}},"loc":{"start":{"line":19,"column":40},"end":{"line":25,"column":3}},"line":19},"3":{"name":"(anonymous_3)","decl":{"start":{"line":21,"column":22},"end":{"line":21,"column":23}},"loc":{"start":{"line":21,"column":28},"end":{"line":23,"column":7}},"line":21},"4":{"name":"(anonymous_4)","decl":{"start":{"line":32,"column":33},"end":{"line":32,"column":34}},"loc":{"start":{"line":32,"column":39},"end":{"line":32,"column":63}},"line":32},"5":{"name":"(anonymous_5)","decl":{"start":{"line":45,"column":17},"end":{"line":45,"column":18}},"loc":{"start":{"line":45,"column":23},"end":{"line":49,"column":9}},"line":45},"6":{"name":"(anonymous_6)","decl":{"start":{"line":46,"column":26},"end":{"line":46,"column":27}},"loc":{"start":{"line":46,"column":32},"end":{"line":48,"column":11}},"line":46}},"branchMap":{"0":{"loc":{"start":{"line":20,"column":4},"end":{"line":24,"column":5}},"type":"if","locations":[{"start":{"line":20,"column":4},"end":{"line":24,"column":5}},{"start":{},"end":{}}],"line":20}},"s":{"0":0,"1":0,"2":0,"3":0,"4":0,"5":0,"6":0,"7":0,"8":0,"9":0,"10":0,"11":0,"12":0},"f":{"0":0,"1":0,"2":0,"3":0,"4":0,"5":0,"6":0},"b":{"0":[0,0]}}
,"/Users/shritimac/Desktop/starwars/starwars/src/components/useSkeleton.tsx": {"path":"/Users/shritimac/Desktop/starwars/starwars/src/components/useSkeleton.tsx","statementMap":{"0":{"start":{"line":5,"column":18},"end":{"line":9,"column":3}},"1":{"start":{"line":5,"column":48},"end":{"line":9,"column":1}},"2":{"start":{"line":11,"column":26},"end":{"line":35,"column":1}},"3":{"start":{"line":14,"column":1},"end":{"line":21,"column":2}},"4":{"start":{"line":16,"column":2},"end":{"line":20,"column":4}},"5":{"start":{"line":22,"column":2},"end":{"line":34,"column":4}},"6":{"start":{"line":24,"column":8},"end":{"line":31,"column":14}}},"fnMap":{"0":{"name":"(anonymous_0)","decl":{"start":{"line":5,"column":32},"end":{"line":5,"column":33}},"loc":{"start":{"line":5,"column":48},"end":{"line":9,"column":1}},"line":5},"1":{"name":"(anonymous_1)","decl":{"start":{"line":11,"column":26},"end":{"line":11,"column":27}},"loc":{"start":{"line":11,"column":60},"end":{"line":35,"column":1}},"line":11},"2":{"name":"(anonymous_2)","decl":{"start":{"line":23,"column":78},"end":{"line":23,"column":79}},"loc":{"start":{"line":24,"column":8},"end":{"line":31,"column":14}},"line":24}},"branchMap":{"0":{"loc":{"start":{"line":14,"column":1},"end":{"line":21,"column":2}},"type":"if","locations":[{"start":{"line":14,"column":1},"end":{"line":21,"column":2}},{"start":{},"end":{}}],"line":14},"1":{"loc":{"start":{"line":14,"column":5},"end":{"line":14,"column":28}},"type":"binary-expr","locations":[{"start":{"line":14,"column":5},"end":{"line":14,"column":19}},{"start":{"line":14,"column":23},"end":{"line":14,"column":28}}],"line":14}},"s":{"0":0,"1":0,"2":0,"3":0,"4":0,"5":0,"6":0},"f":{"0":0,"1":0,"2":0},"b":{"0":[0,0],"1":[0,0]}}
,"/Users/shritimac/Desktop/starwars/starwars/src/components/reducer/addReducer.tsx": {"path":"/Users/shritimac/Desktop/starwars/starwars/src/components/reducer/addReducer.tsx","statementMap":{"0":{"start":{"line":7,"column":33},"end":{"line":9,"column":1}},"1":{"start":{"line":10,"column":18},"end":{"line":25,"column":2}},"2":{"start":{"line":15,"column":38},"end":{"line":15,"column":105}},"3":{"start":{"line":15,"column":70},"end":{"line":15,"column":104}},"4":{"start":{"line":16,"column":12},"end":{"line":18,"column":13}},"5":{"start":{"line":17,"column":16},"end":{"line":17,"column":54}},"6":{"start":{"line":21,"column":12},"end":{"line":21,"column":50}},"7":{"start":{"line":22,"column":12},"end":{"line":22,"column":98}},"8":{"start":{"line":22,"column":63},"end":{"line":22,"column":96}},"9":{"start":{"line":27,"column":29},"end":{"line":27,"column":47}}},"fnMap":{"0":{"name":"(anonymous_0)","decl":{"start":{"line":14,"column":13},"end":{"line":14,"column":14}},"loc":{"start":{"line":14,"column":32},"end":{"line":19,"column":9}},"line":14},"1":{"name":"(anonymous_1)","decl":{"start":{"line":15,"column":60},"end":{"line":15,"column":61}},"loc":{"start":{"line":15,"column":70},"end":{"line":15,"column":104}},"line":15},"2":{"name":"(anonymous_2)","decl":{"start":{"line":20,"column":16},"end":{"line":20,"column":17}},"loc":{"start":{"line":20,"column":35},"end":{"line":23,"column":9}},"line":20},"3":{"name":"(anonymous_3)","decl":{"start":{"line":22,"column":54},"end":{"line":22,"column":55}},"loc":{"start":{"line":22,"column":63},"end":{"line":22,"column":96}},"line":22}},"branchMap":{"0":{"loc":{"start":{"line":16,"column":12},"end":{"line":18,"column":13}},"type":"if","locations":[{"start":{"line":16,"column":12},"end":{"line":18,"column":13}},{"start":{},"end":{}}],"line":16}},"s":{"0":1,"1":1,"2":0,"3":0,"4":0,"5":0,"6":0,"7":0,"8":0,"9":1},"f":{"0":0,"1":0,"2":0,"3":0},"b":{"0":[0,0]},"_coverageSchema":"1a1c01bbd47fc00a2c39e90264f33305004495a9","hash":"ad8385d9bf5aa94702db3fe9ae17bd9f9f8ca3df"}
,"/Users/shritimac/Desktop/starwars/starwars/src/utils/appStore.ts": {"path":"/Users/shritimac/Desktop/starwars/starwars/src/utils/appStore.ts","statementMap":{"0":{"start":{"line":5,"column":17},"end":{"line":9,"column":2}}},"fnMap":{},"branchMap":{},"s":{"0":1},"f":{},"b":{},"_coverageSchema":"1a1c01bbd47fc00a2c39e90264f33305004495a9","hash":"16673389e83d877e148741315e23b3b77a95b909"}
,"/Users/shritimac/Desktop/starwars/starwars/src/utils/constants.tsx": {"path":"/Users/shritimac/Desktop/starwars/starwars/src/utils/constants.tsx","statementMap":{"0":{"start":{"line":3,"column":28},"end":{"line":3,"column":52}},"1":{"start":{"line":4,"column":31},"end":{"line":4,"column":35}},"2":{"start":{"line":6,"column":25},"end":{"line":10,"column":1}},"3":{"start":{"line":12,"column":30},"end":{"line":15,"column":1}},"4":{"start":{"line":17,"column":32},"end":{"line":23,"column":1}},"5":{"start":{"line":24,"column":33},"end":{"line":34,"column":1}},"6":{"start":{"line":35,"column":30},"end":{"line":45,"column":1}}},"fnMap":{},"branchMap":{},"s":{"0":0,"1":0,"2":0,"3":0,"4":0,"5":0,"6":0},"f":{},"b":{}}
,"/Users/shritimac/Desktop/starwars/starwars/src/utils/services.tsx": {"path":"/Users/shritimac/Desktop/starwars/starwars/src/utils/services.tsx","statementMap":{"0":{"start":{"line":3,"column":1},"end":{"line":14,"column":2}},"1":{"start":{"line":4,"column":19},"end":{"line":4,"column":78}},"2":{"start":{"line":5,"column":2},"end":{"line":7,"column":3}},"3":{"start":{"line":6,"column":3},"end":{"line":6,"column":50}},"4":{"start":{"line":8,"column":27},"end":{"line":8,"column":48}},"5":{"start":{"line":10,"column":2},"end":{"line":10,"column":26}},"6":{"start":{"line":12,"column":2},"end":{"line":12,"column":60}},"7":{"start":{"line":13,"column":2},"end":{"line":13,"column":14}},"8":{"start":{"line":18,"column":2},"end":{"line":25,"column":3}},"9":{"start":{"line":19,"column":21},"end":{"line":19,"column":87}},"10":{"start":{"line":20,"column":17},"end":{"line":20,"column":38}},"11":{"start":{"line":21,"column":4},"end":{"line":21,"column":16}},"12":{"start":{"line":23,"column":4},"end":{"line":23,"column":59}},"13":{"start":{"line":24,"column":4},"end":{"line":24,"column":16}},"14":{"start":{"line":27,"column":37},"end":{"line":35,"column":1}},"15":{"start":{"line":28,"column":2},"end":{"line":34,"column":3}},"16":{"start":{"line":29,"column":21},"end":{"line":29,"column":46}},"17":{"start":{"line":30,"column":17},"end":{"line":30,"column":38}},"18":{"start":{"line":31,"column":4},"end":{"line":31,"column":36}},"19":{"start":{"line":33,"column":4},"end":{"line":33,"column":62}},"20":{"start":{"line":36,"column":36},"end":{"line":47,"column":1}},"21":{"start":{"line":37,"column":2},"end":{"line":46,"column":3}},"22":{"start":{"line":38,"column":21},"end":{"line":38,"column":83}},"23":{"start":{"line":39,"column":4},"end":{"line":41,"column":5}},"24":{"start":{"line":40,"column":6},"end":{"line":40,"column":53}},"25":{"start":{"line":42,"column":17},"end":{"line":42,"column":38}},"26":{"start":{"line":43,"column":4},"end":{"line":43,"column":24}},"27":{"start":{"line":45,"column":4},"end":{"line":45,"column":62}},"28":{"start":{"line":48,"column":31},"end":{"line":60,"column":1}},"29":{"start":{"line":49,"column":2},"end":{"line":59,"column":3}},"30":{"start":{"line":50,"column":21},"end":{"line":55,"column":6}},"31":{"start":{"line":50,"column":57},"end":{"line":50,"column":67}},"32":{"start":{"line":51,"column":6},"end":{"line":51,"column":36}},"33":{"start":{"line":53,"column":6},"end":{"line":53,"column":60}},"34":{"start":{"line":54,"column":6},"end":{"line":54,"column":23}},"35":{"start":{"line":57,"column":4},"end":{"line":57,"column":58}},"36":{"start":{"line":58,"column":4},"end":{"line":58,"column":21}}},"fnMap":{"0":{"name":"getCharacterDetails","decl":{"start":{"line":2,"column":23},"end":{"line":2,"column":42}},"loc":{"start":{"line":2,"column":78},"end":{"line":15,"column":1}},"line":2},"1":{"name":"getCharacterList","decl":{"start":{"line":17,"column":22},"end":{"line":17,"column":38}},"loc":{"start":{"line":17,"column":68},"end":{"line":26,"column":1}},"line":17},"2":{"name":"(anonymous_2)","decl":{"start":{"line":27,"column":37},"end":{"line":27,"column":38}},"loc":{"start":{"line":27,"column":83},"end":{"line":35,"column":1}},"line":27},"3":{"name":"(anonymous_3)","decl":{"start":{"line":36,"column":36},"end":{"line":36,"column":37}},"loc":{"start":{"line":36,"column":74},"end":{"line":47,"column":1}},"line":36},"4":{"name":"(anonymous_4)","decl":{"start":{"line":48,"column":31},"end":{"line":48,"column":32}},"loc":{"start":{"line":48,"column":81},"end":{"line":60,"column":1}},"line":48},"5":{"name":"(anonymous_5)","decl":{"start":{"line":50,"column":48},"end":{"line":50,"column":49}},"loc":{"start":{"line":50,"column":57},"end":{"line":50,"column":67}},"line":50},"6":{"name":"(anonymous_6)","decl":{"start":{"line":50,"column":76},"end":{"line":50,"column":77}},"loc":{"start":{"line":50,"column":88},"end":{"line":52,"column":5}},"line":50},"7":{"name":"(anonymous_7)","decl":{"start":{"line":52,"column":13},"end":{"line":52,"column":14}},"loc":{"start":{"line":52,"column":24},"end":{"line":55,"column":5}},"line":52}},"branchMap":{"0":{"loc":{"start":{"line":5,"column":2},"end":{"line":7,"column":3}},"type":"if","locations":[{"start":{"line":5,"column":2},"end":{"line":7,"column":3}},{"start":{},"end":{}}],"line":5},"1":{"loc":{"start":{"line":39,"column":4},"end":{"line":41,"column":5}},"type":"if","locations":[{"start":{"line":39,"column":4},"end":{"line":41,"column":5}},{"start":{},"end":{}}],"line":39}},"s":{"0":0,"1":0,"2":0,"3":0,"4":0,"5":0,"6":0,"7":0,"8":0,"9":0,"10":0,"11":0,"12":0,"13":0,"14":0,"15":0,"16":0,"17":0,"18":0,"19":0,"20":0,"21":0,"22":0,"23":0,"24":0,"25":0,"26":0,"27":0,"28":0,"29":0,"30":0,"31":0,"32":0,"33":0,"34":0,"35":0,"36":0},"f":{"0":0,"1":0,"2":0,"3":0,"4":0,"5":0,"6":0,"7":0},"b":{"0":[0,0],"1":[0,0]}}
,"/Users/shritimac/Desktop/starwars/starwars/src/utils/types.tsx": {"path":"/Users/shritimac/Desktop/starwars/starwars/src/utils/types.tsx","statementMap":{},"fnMap":{},"branchMap":{},"s":{},"f":{},"b":{}}
}
